c:\users\personal\documents\github\solar\iaproyect\iaproyect\release\vc141.pdb
c:\users\personal\documents\github\solar\iaproyect\iaproyect\release\main.obj
c:\users\personal\documents\github\solar\iaproyect\iaproyect\release\cuniverse.obj
c:\users\personal\documents\github\solar\iaproyect\iaproyect\release\ctimer.obj
c:\users\personal\documents\github\solar\iaproyect\iaproyect\release\ctexture.obj
c:\users\personal\documents\github\solar\iaproyect\iaproyect\release\ctext.obj
c:\users\personal\documents\github\solar\iaproyect\iaproyect\release\csun.obj
c:\users\personal\documents\github\solar\iaproyect\iaproyect\release\csolarsystem.obj
c:\users\personal\documents\github\solar\iaproyect\iaproyect\release\cshapes.obj
c:\users\personal\documents\github\solar\iaproyect\iaproyect\release\cplanet.obj
c:\users\personal\documents\github\solar\iaproyect\iaproyect\release\cmathchk.obj
c:\users\personal\documents\github\solar\iaproyect\iaproyect\release\cmanager.obj
c:\users\personal\documents\github\solar\iaproyect\iaproyect\release\cleveleditor.obj
c:\users\personal\documents\github\solar\iaproyect\iaproyect\release\cboid.obj
c:\users\personal\documents\github\solar\iaproyect\iaproyect\release\cbody.obj
c:\users\personal\documents\github\solar\iaproyect\release\iaproyect.ipdb
c:\users\personal\documents\github\solar\iaproyect\release\iaproyect.iobj
c:\users\personal\documents\github\solar\iaproyect\release\iaproyect.exe
c:\users\personal\documents\github\solar\iaproyect\release\iaproyect.pdb
c:\users\personal\documents\github\solar\iaproyect\iaproyect\release\iaproyect.tlog\cl.command.1.tlog
c:\users\personal\documents\github\solar\iaproyect\iaproyect\release\iaproyect.tlog\cl.read.1.tlog
c:\users\personal\documents\github\solar\iaproyect\iaproyect\release\iaproyect.tlog\cl.write.1.tlog
c:\users\personal\documents\github\solar\iaproyect\iaproyect\release\iaproyect.tlog\iaproyect.write.1u.tlog
c:\users\personal\documents\github\solar\iaproyect\iaproyect\release\iaproyect.tlog\link.command.1.tlog
c:\users\personal\documents\github\solar\iaproyect\iaproyect\release\iaproyect.tlog\link.read.1.tlog
c:\users\personal\documents\github\solar\iaproyect\iaproyect\release\iaproyect.tlog\link.write.1.tlog
