c:\users\personal\documents\github\solar\iaproyect\iaproyect\debug\vc141.pdb
c:\users\personal\documents\github\solar\iaproyect\iaproyect\debug\vc141.idb
c:\users\personal\documents\github\solar\iaproyect\iaproyect\debug\main.obj
c:\users\personal\documents\github\solar\iaproyect\iaproyect\debug\cuniverse.obj
c:\users\personal\documents\github\solar\iaproyect\iaproyect\debug\ctimer.obj
c:\users\personal\documents\github\solar\iaproyect\iaproyect\debug\ctexture.obj
c:\users\personal\documents\github\solar\iaproyect\iaproyect\debug\ctext.obj
c:\users\personal\documents\github\solar\iaproyect\iaproyect\debug\csun.obj
c:\users\personal\documents\github\solar\iaproyect\iaproyect\debug\csolarsystem.obj
c:\users\personal\documents\github\solar\iaproyect\iaproyect\debug\cshapes.obj
c:\users\personal\documents\github\solar\iaproyect\iaproyect\debug\cplanet.obj
c:\users\personal\documents\github\solar\iaproyect\iaproyect\debug\cmathchk.obj
c:\users\personal\documents\github\solar\iaproyect\iaproyect\debug\cmanager.obj
c:\users\personal\documents\github\solar\iaproyect\iaproyect\debug\cleveleditor.obj
c:\users\personal\documents\github\solar\iaproyect\iaproyect\debug\cboid.obj
c:\users\personal\documents\github\solar\iaproyect\iaproyect\debug\cbody.obj
c:\users\personal\documents\github\solar\iaproyect\debug\iaproyect.exe
c:\users\personal\documents\github\solar\iaproyect\debug\iaproyect.ilk
c:\users\personal\documents\github\solar\iaproyect\debug\iaproyect.pdb
c:\users\personal\documents\github\solar\iaproyect\iaproyect\debug\iaproyect.tlog\cl.command.1.tlog
c:\users\personal\documents\github\solar\iaproyect\iaproyect\debug\iaproyect.tlog\cl.read.1.tlog
c:\users\personal\documents\github\solar\iaproyect\iaproyect\debug\iaproyect.tlog\cl.write.1.tlog
c:\users\personal\documents\github\solar\iaproyect\iaproyect\debug\iaproyect.tlog\link.command.1.tlog
c:\users\personal\documents\github\solar\iaproyect\iaproyect\debug\iaproyect.tlog\link.read.1.tlog
c:\users\personal\documents\github\solar\iaproyect\iaproyect\debug\iaproyect.tlog\link.write.1.tlog
